0.03125  0.0938981  0.0053498
0.09375  0.093898  0.0053498
0.15625  0.0938973  0.00534978
0.21875  0.0938904  0.00534959
0.28125  0.0938337  0.00534786
0.34375  0.0934151  0.0053335
0.40625  0.0907674  0.00522608
0.46875  0.0763868  0.00446894
0.03125  0.0938981  0.0053498
0.09375  0.093898  0.0053498
0.15625  0.0938972  0.00534978
0.21875  0.0938903  0.00534958
0.28125  0.0938333  0.00534784
0.34375  0.0934156  0.00533352
0.40625  0.0907678  0.0052261
0.46875  0.076387  0.00446896
0.03125  0.0938981  0.0053498
0.09375  0.093898  0.0053498
0.15625  0.0938973  0.00534978
0.21875  0.0938905  0.00534959
0.28125  0.0938352  0.0053479
0.34375  0.0934266  0.00533394
0.40625  0.0907978  0.00522751
0.46875  0.0763619  0.00446874
0.03125  0.0938981  0.0053498
0.09375  0.093898  0.0053498
0.15625  0.0938973  0.00534978
0.21875  0.0938913  0.00534961
0.28125  0.0938418  0.00534813
0.34375  0.0934762  0.00533596
0.40625  0.0911878  0.0052478
0.46875  0.0779605  0.00460949
0.03125  0.0938981  0.0053498
0.09375  0.093898  0.0053498
0.15625  0.0938974  0.00534978
0.21875  0.0938917  0.00534963
0.28125  0.0938456  0.00534825
0.34375  0.0935152  0.00533735
0.40625  0.0911016  0.0052448
0.46875  0.0763613  0.0044687
0.03125  0.0938981  0.0053498
0.09375  0.093898  0.0053498
0.15625  0.0938974  0.00534978
0.21875  0.093892  0.00534963
0.28125  0.093849  0.00534835
0.34375  0.0934765  0.00533608
0.40625  0.0907636  0.005226
0.46875  0.0763864  0.00446892
0.03125  0.0938981  0.0053498
0.09375  0.093898  0.0053498
0.15625  0.0938974  0.00534978
0.21875  0.0938921  0.00534964
0.28125  0.0938494  0.00534836
0.34375  0.0934846  0.00533637
0.40625  0.090797  0.00522748
0.46875  0.0763616  0.00446871
0.03125  0.0938981  0.0053498
0.09375  0.093898  0.0053498
0.15625  0.0938973  0.00534978
0.21875  0.0938907  0.0053496
0.28125  0.0938349  0.00534789
0.34375  0.0934182  0.00533362
0.40625  0.0907736  0.00522635
0.46875  0.0763838  0.004469
0.03125  0.0938981  0.0053498
0.09375  0.093898  0.0053498
0.15625  0.0938974  0.00534978
0.21875  0.0938905  0.00534959
0.28125  0.093835  0.0053479
0.34375  0.093426  0.00533391
0.40625  0.0907972  0.00522748
0.46875  0.0763616  0.00446871
0.03125  0.0938981  0.0053498
0.09375  0.093898  0.0053498
0.15625  0.0938973  0.00534978
0.21875  0.0938906  0.00534959
0.28125  0.0938354  0.00534791
0.34375  0.0934269  0.00533395
0.40625  0.0907977  0.00522751
0.46875  0.0763618  0.00446872
0.03125  0.0938981  0.0053498
0.09375  0.093898  0.0053498
0.15625  0.0938973  0.00534978
0.21875  0.0938905  0.00534959
0.28125  0.0938349  0.00534789
0.34375  0.0934206  0.00533371
0.40625  0.0907677  0.00522617
0.46875  0.0763851  0.00446895
0.03125  0.0938981  0.0053498
0.09375  0.093898  0.0053498
0.15625  0.0938973  0.00534978
0.21875  0.0938906  0.00534959
0.28125  0.0938342  0.00534787
0.34375  0.0934144  0.00533349
0.40625  0.0907662  0.00522603
0.46875  0.0763862  0.00446889
0.03125  0.0938981  0.0053498
0.09375  0.093898  0.0053498
0.15625  0.0938975  0.00534979
0.21875  0.0938926  0.00534965
0.28125  0.0938537  0.0053485
0.34375  0.0935278  0.00533806
0.40625  0.0911909  0.00524785
0.46875  0.0779612  0.00460952
0.03125  0.0938981  0.0053498
0.09375  0.093898  0.0053498
0.15625  0.0938976  0.00534979
0.21875  0.0938931  0.00534967
0.28125  0.0938499  0.00534838
0.34375  0.0934919  0.00533664
0.40625  0.0908214  0.00522864
0.46875  0.0763397  0.00446843
0.03125  0.0938981  0.0053498
0.09375  0.093898  0.0053498
0.15625  0.0938973  0.00534978
0.21875  0.0938912  0.00534961
0.28125  0.0938396  0.00534806
0.34375  0.0934634  0.00533548
0.40625  0.091164  0.00524658
0.46875  0.077964  0.0046091
0.03125  0.0938981  0.0053498
0.09375  0.093898  0.0053498
0.15625  0.0938973  0.00534978
0.21875  0.0938907  0.0053496
0.28125  0.0938361  0.00534793
0.34375  0.0934288  0.00533402
0.40625  0.0907922  0.00522734
0.46875  0.0763632  0.00446869
0.03125  0.0938981  0.0053498
0.09375  0.093898  0.0053498
0.15625  0.0938975  0.00534979
0.21875  0.0938916  0.00534963
0.28125  0.0938337  0.00534786
0.34375  0.0934166  0.00533355
0.40625  0.0907682  0.00522612
0.46875  0.076387  0.00446897
0.03125  0.0938981  0.0053498
0.09375  0.093898  0.0053498
0.15625  0.0938972  0.00534978
0.21875  0.0938903  0.00534958
0.28125  0.0938332  0.00534784
0.34375  0.0934149  0.00533349
0.40625  0.0907669  0.00522606
0.46875  0.0763867  0.00446892
0.445312  0.0862041  0.00503025
0.492188  0.0591951  0.00338807
0.46875  0.0769215  0.00452572
0.46875  0.0769214  0.00452571
0.46875  0.0768347  0.0045245
0.46875  0.0769433  0.00452616
0.0078125  0.0938981  0.0053498
0.0546875  0.0938981  0.0053498
0.03125  0.0938981  0.0053498
0.03125  0.0938981  0.0053498
0.03125  0.0938981  0.0053498
0.03125  0.0938981  0.0053498
0.382812  0.0926961  0.00530837
0.429688  0.0871841  0.00506537
0.40625  0.0910681  0.00524131
0.40625  0.0909186  0.00523453
0.40625  0.0909366  0.00523559
0.40625  0.0909391  0.00523538
0.320312  0.0937324  0.00534474
0.367188  0.092822  0.00531203
0.34375  0.093457  0.00533515
0.34375  0.0934556  0.00533508
0.34375  0.0934503  0.00533489
0.34375  0.0934673  0.00533555
0.132812  0.0938979  0.0053498
0.179688  0.093896  0.00534975
0.15625  0.0938973  0.00534978
0.15625  0.0938973  0.00534978
0.15625  0.0938973  0.00534978
0.15625  0.0938974  0.00534978
0.0703125  0.0938981  0.0053498
0.117188  0.0938979  0.0053498
0.09375  0.093898  0.0053498
0.09375  0.093898  0.0053498
0.09375  0.093898  0.0053498
0.09375  0.093898  0.0053498
0.195312  0.0938958  0.00534974
0.242188  0.0938791  0.00534926
0.21875  0.0938911  0.00534961
0.21875  0.093891  0.00534961
0.21875  0.0938911  0.00534961
0.21875  0.0938911  0.00534961
0.445312  0.0862041  0.00503027
0.492188  0.0591957  0.0033881
0.46875  0.076835  0.00452452
0.46875  0.076943  0.00452623
0.46875  0.0769216  0.00452573
0.46875  0.0769216  0.00452573
0.195312  0.0938962  0.00534975
0.242188  0.0938834  0.0053494
0.21875  0.0938928  0.00534966
0.21875  0.0938924  0.00534965
0.21875  0.0938925  0.00534965
0.21875  0.0938925  0.00534965
0.445312  0.0862312  0.00503093
0.492188  0.0591922  0.00338772
0.46875  0.0769412  0.0045261
0.46875  0.0769414  0.00452602
0.46875  0.0769414  0.00452605
0.46875  0.0769417  0.00452604
0.320312  0.0937469  0.00534526
0.367188  0.0929358  0.00531701
0.34375  0.0935065  0.00533713
0.34375  0.0934936  0.00533664
0.34375  0.0934967  0.00533675
0.34375  0.0934974  0.00533675
0.0078125  0.0938981  0.0053498
0.0546875  0.0938981  0.0053498
0.03125  0.0938981  0.0053498
0.03125  0.0938981  0.0053498
0.03125  0.0938981  0.0053498
0.03125  0.0938981  0.0053498
0.320312  0.0937315  0.00534471
0.367188  0.092797  0.00531107
0.34375  0.0934719  0.00533567
0.34375  0.0934458  0.00533473
0.34375  0.093449  0.00533486
0.34375  0.0934487  0.00533483
0.0078125  0.0938981  0.0053498
0.0546875  0.0938981  0.0053498
0.03125  0.0938981  0.0053498
0.03125  0.0938981  0.0053498
0.03125  0.0938981  0.0053498
0.03125  0.0938981  0.0053498
0.320312  0.0937359  0.00534486
0.367188  0.0928385  0.00531271
0.34375  0.0934694  0.00533563
0.34375  0.0934674  0.00533554
0.34375  0.093463  0.00533536
0.34375  0.093463  0.00533536

